<?xml version="1.0" encoding="UTF-8"?>
<!-- Generated by org.testng.reporters.JUnitReportReporter -->
<testsuite hostname="DESKTOP-TTLA92V" failures="0" tests="5" name="com.qa.api.gorest.tests.CreateUserTest" time="6.857" errors="0" timestamp="2025-09-02T08:24:38 IST" skipped="0">
  <testcase classname="com.qa.api.gorest.tests.CreateUserTest" name="createUserTest" time="2.066"/>
  <testcase classname="com.qa.api.gorest.tests.CreateUserTest" name="createUserTestWithJsonString" time="1.068"/>
  <testcase classname="com.qa.api.gorest.tests.CreateUserTest" name="createUserTest" time="1.503"/>
  <testcase classname="com.qa.api.gorest.tests.CreateUserTest" name="createUserTestWithJsonFile" time="1.253"/>
  <testcase classname="com.qa.api.gorest.tests.CreateUserTest" name="createUserTest" time="0.967"/>
</testsuite> <!-- com.qa.api.gorest.tests.CreateUserTest -->
