<?xml version="1.0" encoding="UTF-8"?>
<!-- Generated by org.testng.reporters.JUnitReportReporter -->
<testsuite hostname="DESKTOP-TTLA92V" failures="0" tests="3" name="com.qa.api.gorest.tests.CreateUserTest" time="6.356" errors="0" timestamp="2025-08-31T09:59:25 IST" skipped="0">
  <testcase classname="com.qa.api.gorest.tests.CreateUserTest" name="createUserTest" time="3.438"/>
  <testcase classname="com.qa.api.gorest.tests.CreateUserTest" name="createUserTest" time="1.428"/>
  <testcase classname="com.qa.api.gorest.tests.CreateUserTest" name="createUserTest" time="1.490"/>
</testsuite> <!-- com.qa.api.gorest.tests.CreateUserTest -->
