<?xml version="1.0" encoding="UTF-8"?>
<!-- Generated by org.testng.reporters.JUnitReportReporter -->
<testsuite hostname="DESKTOP-TTLA92V" failures="0" tests="1" name="com.qa.api.gorest.tests.CreateUserTest" time="0.988" errors="0" timestamp="2025-08-06T09:05:14 IST" skipped="0">
  <testcase classname="com.qa.api.gorest.tests.CreateUserTest" name="createUserTest" time="0.988"/>
</testsuite> <!-- com.qa.api.gorest.tests.CreateUserTest -->
