<?xml version="1.0" encoding="UTF-8"?>
<!-- Generated by org.testng.reporters.JUnitReportReporter -->
<testsuite hostname="DESKTOP-TTLA92V" failures="0" tests="1" name="com.qa.api.gorest.tests.GetUserTest" time="2.540" errors="0" timestamp="2025-08-05T09:06:05 IST" skipped="0">
  <testcase classname="com.qa.api.gorest.tests.GetUserTest" name="getSingleUserTest" time="2.540"/>
</testsuite> <!-- com.qa.api.gorest.tests.GetUserTest -->
