<?xml version="1.0" encoding="UTF-8"?>
<!-- Generated by org.testng.reporters.JUnitReportReporter -->
<testsuite hostname="DESKTOP-TTLA92V" failures="0" tests="3" name="com.qa.api.gorest.tests.CreateUserTest" time="6.915" errors="0" timestamp="2025-08-30T18:05:28 IST" skipped="0">
  <testcase classname="com.qa.api.gorest.tests.CreateUserTest" name="createUserTest" time="3.865"/>
  <testcase classname="com.qa.api.gorest.tests.CreateUserTest" name="createUserTest" time="1.633"/>
  <testcase classname="com.qa.api.gorest.tests.CreateUserTest" name="createUserTest" time="1.417"/>
</testsuite> <!-- com.qa.api.gorest.tests.CreateUserTest -->
